1
0
1
ASSEMBLY
1
MERGE-1-1
MERGE-1
1
MERGE-1-1
108
4 1
5 2
6 3
7 4
8 5
9 6
10 7
11 8
12 9
13 10
14 11
15 12
16 13
17 14
18 15
19 16
20 17
21 18
22 19
23 20
24 21
25 22
26 23
27 24
28 25
29 26
30 27
31 28
32 29
33 30
34 31
35 32
36 33
37 34
38 35
39 36
40 37
41 38
42 39
43 40
44 41
45 42
46 43
47 44
48 45
49 46
50 47
51 48
52 49
53 50
54 51
55 52
56 53
57 54
58 55
59 56
60 57
61 58
62 59
63 60
64 61
65 62
66 63
67 64
68 65
69 66
70 67
71 68
72 69
73 70
74 71
75 72
76 73
77 74
78 75
79 76
80 77
81 78
82 79
83 80
84 81
85 82
86 83
87 84
88 85
89 86
90 87
91 88
92 89
93 90
94 91
95 92
96 93
97 94
98 95
99 96
100 97
101 98
102 99
103 100
104 101
105 102
106 103
107 104
108 105
109 106
110 107
111 108
1 4
2 5
3 6
4 7
5 8
6 9
7 10
8 11
9 12
10 13
11 14
12 15
13 16
14 17
15 18
16 19
17 20
18 21
19 22
20 23
21 24
22 25
23 26
24 27
25 28
26 29
27 30
28 31
29 32
30 33
31 34
32 35
33 36
34 37
35 38
36 39
37 40
38 41
39 42
40 43
41 44
42 45
43 46
44 47
45 48
46 49
47 50
48 51
49 52
50 53
51 54
52 55
53 56
54 57
55 58
56 59
57 60
58 61
59 62
60 63
61 64
62 65
63 66
64 67
65 68
66 69
67 70
68 71
69 72
70 73
71 74
72 75
73 76
74 77
75 78
76 79
77 80
78 81
79 82
80 83
81 84
82 85
83 86
84 87
85 88
86 89
87 90
88 91
89 92
90 93
91 94
92 95
93 96
94 97
95 98
96 99
97 100
98 101
99 102
100 103
101 104
102 105
103 106
104 107
105 108
106 109
107 110
108 111
3
1 1
2 2
3 3
1 1
2 2
3 3
1
MERGE-1-1
38
1 1
2 2
3 3
4 4
5 5
6 6
7 7
8 8
9 9
10 10
11 11
12 12
13 13
14 14
15 15
16 16
17 17
18 18
19 19
20 20
21 21
22 22
23 23
24 24
25 25
26 26
27 27
28 28
29 29
30 30
31 31
32 32
33 33
34 34
35 35
36 36
37 37
38 38
1 1
2 2
3 3
4 4
5 5
6 6
7 7
8 8
9 9
10 10
11 11
12 12
13 13
14 14
15 15
16 16
17 17
18 18
19 19
20 20
21 21
22 22
23 23
24 24
25 25
26 26
27 27
28 28
29 29
30 30
31 31
32 32
33 33
34 34
35 35
36 36
37 37
38 38
0
17
FX
0
1
0
1
MERGE-1-1
8
1 2 5 6 7 8 9 10 
0
FX0
0
1
0
1
MERGE-1-1
1
38 
0
FY
0
1
0
1
MERGE-1-1
14
3 4 7 8 9 10 15 16 17 19 20 21 22 32 
0
FY0
0
1
0
1
MERGE-1-1
4
25 33 34 38 
0
FZ
0
1
0
1
MERGE-1-1
2
4 10 
0
FZ0
0
1
0
1
MERGE-1-1
7
1 7 12 15 19 23 28 
0
_FX_S1
0
2
0
1
MERGE-1-1
6
1 2 5 6 7 8 
0
_FX_S2
0
2
0
1
MERGE-1-1
2
9 10 
0
_FY_S4
0
2
0
1
MERGE-1-1
11
3 4 7 8 15 17 19 20 21 22 32 
0
_FY_S6
0
2
0
1
MERGE-1-1
3
9 10 16 
0
_FZ_S3
0
2
0
1
MERGE-1-1
2
4 10 
0
_SURF-1_S1
0
2
0
1
MERGE-1-1
17
1 2 3 4 5 6 7 8 11 16 18 23 24 25 26 27 34 
0
_SURF-1_S2
0
2
0
1
MERGE-1-1
38
1 2 3 4 5 6 7 8 9 10 11 12 13 14 15 16 17 18 19 20 21 22 23 24 25 26 27 28 29 30 31 32 33 34 35 36 37 38 
0
_SURF-1_S3
0
2
0
1
MERGE-1-1
35
1 2 3 4 5 6 7 8 9 10 11 12 13 14 15 16 18 19 20 21 22 23 25 26 27 28 29 30 32 33 34 35 36 37 38 
0
_SURF-1_S4
0
2
0
1
MERGE-1-1
32
1 2 3 4 5 6 7 8 10 11 12 13 14 15 17 18 19 20 21 22 25 27 28 29 30 32 33 34 35 36 37 38 
0
_SURF-1_S5
0
2
0
1
MERGE-1-1
19
1 3 7 8 11 12 15 18 19 23 25 26 28 31 32 33 35 37 38 
0
_SURF-1_S6
0
2
0
1
MERGE-1-1
26
1 2 3 4 5 6 9 10 11 12 13 16 18 19 20 21 23 24 25 26 27 28 32 33 34 38 
0
1
MERGE-1-1
38
_PICKEDSET11
0
2
1
36 
0
0
_PICKEDSET13
0
2
1
37 
0
0
_PICKEDSET15
0
2
1
32 
0
0
_PICKEDSET17
0
2
1
25 
0
0
_PICKEDSET19
0
2
1
26 
0
0
_PICKEDSET21
0
2
1
27 
0
0
_PICKEDSET23
0
2
1
28 
0
0
_PICKEDSET25
0
2
1
29 
0
0
_PICKEDSET27
0
2
1
30 
0
0
_PICKEDSET29
0
2
1
31 
0
0
_PICKEDSET3
0
2
1
38 
0
0
_PICKEDSET31
0
2
1
18 
0
0
_PICKEDSET33
0
2
1
19 
0
0
_PICKEDSET35
0
2
1
20 
0
0
_PICKEDSET37
0
2
1
21 
0
0
_PICKEDSET39
0
2
1
22 
0
0
_PICKEDSET41
0
2
1
23 
0
0
_PICKEDSET43
0
2
1
24 
0
0
_PICKEDSET45
0
2
1
11 
0
0
_PICKEDSET47
0
2
1
12 
0
0
_PICKEDSET49
0
2
1
13 
0
0
_PICKEDSET5
0
2
1
33 
0
0
_PICKEDSET51
0
2
1
14 
0
0
_PICKEDSET53
0
2
1
15 
0
0
_PICKEDSET55
0
2
1
16 
0
0
_PICKEDSET57
0
2
1
17 
0
0
_PICKEDSET59
0
2
1
3 
0
0
_PICKEDSET61
0
2
1
4 
0
0
_PICKEDSET63
0
2
1
1 
0
0
_PICKEDSET65
0
2
1
2 
0
0
_PICKEDSET67
0
2
1
5 
0
0
_PICKEDSET69
0
2
1
6 
0
0
_PICKEDSET7
0
2
1
34 
0
0
_PICKEDSET71
0
2
1
7 
0
0
_PICKEDSET73
0
2
1
8 
0
0
_PICKEDSET75
0
2
1
9 
0
0
_PICKEDSET77
0
2
1
10 
0
0
_PICKEDSET9
0
2
1
35 
0
0
0
8

0
2
0
2

1
1 
MERGE-1-1
108
4 5 6 7 8 9 10 11 12 13 14 15 16 17 18 19 20 21 22 23 24 25 26 27 28 29 30 31 32 33 34 35 36 37 38 39 40 41 42 43 44 45 46 47 48 49 50 51 52 53 54 55 56 57 58 59 60 61 62 63 64 65 66 67 68 69 70 71 72 73 74 75 76 77 78 79 80 81 82 83 84 85 86 87 88 89 90 91 92 93 94 95 96 97 98 99 100 101 102 103 104 105 106 107 108 109 110 111 
0
FX
0
1
0
1
MERGE-1-1
17
8 9 10 11 14 15 29 30 32 33 36 37 39 40 41 42 43 
0
FX0
0
1
0
1
MERGE-1-1
4
108 109 110 111 
0
FY
0
1
0
1
MERGE-1-1
25
17 18 20 21 25 26 34 35 36 37 38 39 40 41 42 55 56 57 64 65 68 69 70 93 94 
0
FY0
0
1
0
1
MERGE-1-1
10
76 77 79 80 96 99 100 102 108 111 
0
FZ
0
1
0
1
MERGE-1-1
6
24 25 26 27 42 43 
0
FZ0
0
1
0
1
MERGE-1-1
15
6 7 9 10 35 37 52 53 56 65 66 72 73 89 90 
0
RP2
0
1
1
1 
0
0
2
MERGE-1-1
39
 P       1
0
2
108
4 5 6 7 8 9 10 11 12 13 14 15 16 17 18 19 20 21 22 23 24 25 26 27 28 29 30 31 32 33 34 35 36 37 38 39 40 41 42 43 44 45 46 47 48 49 50 51 52 53 54 55 56 57 58 59 60 61 62 63 64 65 66 67 68 69 70 71 72 73 74 75 76 77 78 79 80 81 82 83 84 85 86 87 88 89 90 91 92 93 94 95 96 97 98 99 100 101 102 103 104 105 106 107 108 109 110 111 
0
0
_PICKEDSET11
0
2
8
82 84 86 87 97 101 103 105 
0
0
_PICKEDSET13
0
2
8
83 84 88 91 103 104 106 107 
0
0
_PICKEDSET15
0
2
8
60 67 68 69 92 93 94 95 
0
0
_PICKEDSET17
0
2
8
75 76 77 78 79 80 81 82 
0
0
_PICKEDSET19
0
2
8
47 71 75 78 81 82 83 84 
0
0
_PICKEDSET21
0
2
8
46 47 75 82 84 85 86 87 
0
0
_PICKEDSET23
0
2
8
50 53 71 72 83 88 89 90 
0
0
_PICKEDSET25
0
2
8
47 48 50 71 83 84 88 91 
0
0
_PICKEDSET27
0
2
8
46 47 48 49 61 84 87 91 
0
0
_PICKEDSET29
0
2
8
19 48 49 54 60 61 67 91 
0
0
_PICKEDSET3
0
2
8
96 97 100 101 108 109 110 111 
0
0
_PICKEDSET31
0
2
8
16 19 49 58 59 60 61 62 
0
0
_PICKEDSET33
0
2
8
51 52 55 56 63 64 65 66 
0
0
_PICKEDSET35
0
2
8
51 54 55 57 63 64 67 68 
0
0
_PICKEDSET37
0
2
8
18 19 54 57 60 67 68 69 
0
0
_PICKEDSET39
0
2
8
16 17 18 19 59 60 69 70 
0
0
_PICKEDSET41
0
2
8
4 7 50 53 71 72 73 74 
0
0
_PICKEDSET43
0
2
8
4 12 45 47 48 50 71 74 
0
0
_PICKEDSET45
0
2
8
12 28 44 45 46 47 48 49 
0
0
_PICKEDSET47
0
2
8
4 5 6 7 50 51 52 53 
0
0
_PICKEDSET49
0
2
8
4 5 12 13 48 50 51 54 
0
0
_PICKEDSET5
0
2
8
79 80 81 82 96 97 98 99 
0
0
_PICKEDSET51
0
2
8
12 13 19 22 28 48 49 54 
0
0
_PICKEDSET53
0
2
8
5 6 34 35 51 52 55 56 
0
0
_PICKEDSET55
0
2
8
5 13 34 38 51 54 55 57 
0
0
_PICKEDSET57
0
2
8
13 18 19 21 22 38 54 57 
0
0
_PICKEDSET59
0
2
8
16 17 18 19 20 21 22 23 
0
0
_PICKEDSET61
0
2
8
16 17 20 23 24 25 26 27 
0
0
_PICKEDSET63
0
2
8
4 5 6 7 8 9 10 11 
0
0
_PICKEDSET65
0
2
8
4 5 8 11 12 13 14 15 
0
0
_PICKEDSET67
0
2
8
12 13 14 15 22 28 29 30 
0
0
_PICKEDSET69
0
2
8
22 23 28 29 30 31 32 33 
0
0
_PICKEDSET7
0
2
8
79 82 86 96 97 100 101 102 
0
0
_PICKEDSET71
0
2
8
5 6 8 9 34 35 36 37 
0
0
_PICKEDSET73
0
2
8
13 14 21 22 29 38 39 40 
0
0
_PICKEDSET75
0
2
8
20 21 22 23 29 32 39 41 
0
0
_PICKEDSET77
0
2
8
20 23 26 27 32 41 42 43 
0
0
_PICKEDSET9
0
2
8
81 82 83 84 97 98 103 104 
0
0
0

1
 P       0
0
2
1
1 
0
0
0
0
4
FX
0
0
0
1
MERGE-1-1
0
0
2
S2
2
9 10 
S1
6
1 2 5 6 7 8 
FY
0
0
0
1
MERGE-1-1
0
0
2
S4
11
3 4 7 8 15 17 19 20 21 22 32 
S6
3
9 10 16 
FZ
0
0
0
1
MERGE-1-1
0
0
1
S3
2
4 10 
SURF-1
0
0
0
1
MERGE-1-1
0
0
6
S2
38
1 2 3 4 5 6 7 8 9 10 11 12 13 14 15 16 17 18 19 20 21 22 23 24 25 26 27 28 29 30 31 32 33 34 35 36 37 38 
S4
32
1 2 3 4 5 6 7 8 10 11 12 13 14 15 17 18 19 20 21 22 25 27 28 29 30 32 33 34 35 36 37 38 
S6
26
1 2 3 4 5 6 9 10 11 12 13 16 18 19 20 21 23 24 25 26 27 28 32 33 34 38 
S3
35
1 2 3 4 5 6 7 8 9 10 11 12 13 14 15 16 18 19 20 21 22 23 25 26 27 28 29 30 32 33 34 35 36 37 38 
S5
19
1 3 7 8 11 12 15 18 19 23 25 26 28 31 32 33 35 37 38 
S1
17
1 2 3 4 5 6 7 8 11 16 18 23 24 25 26 27 34 
